<?xml version="1.0" encoding="UTF-8" ?>
<testsuite failures="0" time="1.003" errors="0" skipped="0" tests="7" name="TestSuite">
  <properties>
    <property name="java.runtime.name" value="Java(TM) SE Runtime Environment"/>
    <property name="sun.boot.library.path" value="/System/Library/Java/JavaVirtualMachines/1.6.0.jdk/Contents/Libraries"/>
    <property name="java.vm.version" value="20.12-b01-434"/>
    <property name="awt.nativeDoubleBuffering" value="true"/>
    <property name="gopherProxySet" value="false"/>
    <property name="mrj.build" value="11M3909"/>
    <property name="java.vm.vendor" value="Apple Inc."/>
    <property name="java.vendor.url" value="http://www.apple.com/"/>
    <property name="path.separator" value=":"/>
    <property name="java.vm.name" value="Java HotSpot(TM) 64-Bit Server VM"/>
    <property name="file.encoding.pkg" value="sun.io"/>
    <property name="user.country" value="US"/>
    <property name="sun.java.launcher" value="SUN_STANDARD"/>
    <property name="sun.os.patch.level" value="unknown"/>
    <property name="java.vm.specification.name" value="Java Virtual Machine Specification"/>
    <property name="user.dir" value="/Users/allan/Documents/maven/OpenAM/trunk/community/extensions/authnmodules/adaptive-deviceprint/adaptive-deviceprint-acceptance-module"/>
    <property name="java.runtime.version" value="1.6.0_37-b06-434-11M3909"/>
    <property name="java.awt.graphicsenv" value="apple.awt.CGraphicsEnvironment"/>
    <property name="basedir" value="/Users/allan/Documents/maven/OpenAM/trunk/community/extensions/authnmodules/adaptive-deviceprint/adaptive-deviceprint-acceptance-module"/>
    <property name="java.endorsed.dirs" value="/System/Library/Java/JavaVirtualMachines/1.6.0.jdk/Contents/Home/lib/endorsed"/>
    <property name="os.arch" value="x86_64"/>
    <property name="surefire.real.class.path" value="/Users/allan/Documents/maven/OpenAM/trunk/community/extensions/authnmodules/adaptive-deviceprint/adaptive-deviceprint-acceptance-module/target/surefire/surefirebooter1687251017155389268.jar"/>
    <property name="java.io.tmpdir" value="/var/folders/fk/0rks5td15_j8pns0j8k4wybr0000gn/T/"/>
    <property name="line.separator" value="
"/>
    <property name="java.vm.specification.vendor" value="Sun Microsystems Inc."/>
    <property name="os.name" value="Mac OS X"/>
    <property name="sun.jnu.encoding" value="MacRoman"/>
    <property name="java.library.path" value=".:/Library/Java/Extensions:/System/Library/Java/Extensions:/usr/lib/java"/>
    <property name="surefire.test.class.path" value="/Users/allan/Documents/maven/OpenAM/trunk/community/extensions/authnmodules/adaptive-deviceprint/adaptive-deviceprint-acceptance-module/target/test-classes:/Users/allan/Documents/maven/OpenAM/trunk/community/extensions/authnmodules/adaptive-deviceprint/adaptive-deviceprint-acceptance-module/target/classes:/Users/allan/.m2/repository/com/forgerock/openam/amserver/10.0.0-EA/amserver-10.0.0-EA.jar:/Users/allan/.m2/repository/com/forgerock/openam/sharedlib/10.0.0-EA/sharedlib-10.0.0-EA.jar:/Users/allan/.m2/repository/javax/servlet/servlet-api/2.5/servlet-api-2.5.jar:/Users/allan/.m2/repository/org/testng/testng/6.4/testng-6.4.jar:/Users/allan/.m2/repository/junit/junit/4.10/junit-4.10.jar:/Users/allan/.m2/repository/org/hamcrest/hamcrest-core/1.1/hamcrest-core-1.1.jar:/Users/allan/.m2/repository/org/beanshell/bsh/2.0b4/bsh-2.0b4.jar:/Users/allan/.m2/repository/com/beust/jcommander/1.12/jcommander-1.12.jar:/Users/allan/.m2/repository/org/yaml/snakeyaml/1.6/snakeyaml-1.6.jar:/Users/allan/.m2/repository/org/codehaus/jackson/jackson-mapper-lgpl/1.9.5/jackson-mapper-lgpl-1.9.5.jar:/Users/allan/.m2/repository/org/codehaus/jackson/jackson-core-lgpl/1.9.5/jackson-core-lgpl-1.9.5.jar:/Users/allan/.m2/repository/org/mockito/mockito-all/1.9.0/mockito-all-1.9.0.jar:/Users/allan/Documents/maven/OpenAM/trunk/community/extensions/authnmodules/adaptive-common/target/openam-authnmodule-adaptive-common-10.0.0-EA.jar:/Users/allan/Documents/maven/OpenAM/trunk/community/extensions/authnmodules/adaptive-deviceprint/adaptive-deviceprint-datastore/target/openam-authnmodule-adaptive-deviceprint-datastore-10.0.0-EA.jar:"/>
    <property name="java.specification.name" value="Java Platform API Specification"/>
    <property name="java.class.version" value="50.0"/>
    <property name="sun.management.compiler" value="HotSpot 64-Bit Tiered Compilers"/>
    <property name="os.version" value="10.7.5"/>
    <property name="http.nonProxyHosts" value="local|*.local|169.254/16|*.169.254/16"/>
    <property name="user.home" value="/Users/allan"/>
    <property name="user.timezone" value="America/Los_Angeles"/>
    <property name="java.awt.printerjob" value="apple.awt.CPrinterJob"/>
    <property name="java.specification.version" value="1.6"/>
    <property name="file.encoding" value="MacRoman"/>
    <property name="user.name" value="allan"/>
    <property name="java.class.path" value="/Users/allan/Documents/maven/OpenAM/trunk/community/extensions/authnmodules/adaptive-deviceprint/adaptive-deviceprint-acceptance-module/target/test-classes:/Users/allan/Documents/maven/OpenAM/trunk/community/extensions/authnmodules/adaptive-deviceprint/adaptive-deviceprint-acceptance-module/target/classes:/Users/allan/.m2/repository/com/forgerock/openam/amserver/10.0.0-EA/amserver-10.0.0-EA.jar:/Users/allan/.m2/repository/com/forgerock/openam/sharedlib/10.0.0-EA/sharedlib-10.0.0-EA.jar:/Users/allan/.m2/repository/javax/servlet/servlet-api/2.5/servlet-api-2.5.jar:/Users/allan/.m2/repository/org/testng/testng/6.4/testng-6.4.jar:/Users/allan/.m2/repository/junit/junit/4.10/junit-4.10.jar:/Users/allan/.m2/repository/org/hamcrest/hamcrest-core/1.1/hamcrest-core-1.1.jar:/Users/allan/.m2/repository/org/beanshell/bsh/2.0b4/bsh-2.0b4.jar:/Users/allan/.m2/repository/com/beust/jcommander/1.12/jcommander-1.12.jar:/Users/allan/.m2/repository/org/yaml/snakeyaml/1.6/snakeyaml-1.6.jar:/Users/allan/.m2/repository/org/codehaus/jackson/jackson-mapper-lgpl/1.9.5/jackson-mapper-lgpl-1.9.5.jar:/Users/allan/.m2/repository/org/codehaus/jackson/jackson-core-lgpl/1.9.5/jackson-core-lgpl-1.9.5.jar:/Users/allan/.m2/repository/org/mockito/mockito-all/1.9.0/mockito-all-1.9.0.jar:/Users/allan/Documents/maven/OpenAM/trunk/community/extensions/authnmodules/adaptive-common/target/openam-authnmodule-adaptive-common-10.0.0-EA.jar:/Users/allan/Documents/maven/OpenAM/trunk/community/extensions/authnmodules/adaptive-deviceprint/adaptive-deviceprint-datastore/target/openam-authnmodule-adaptive-deviceprint-datastore-10.0.0-EA.jar:"/>
    <property name="java.vm.specification.version" value="1.0"/>
    <property name="sun.arch.data.model" value="64"/>
    <property name="java.home" value="/System/Library/Java/JavaVirtualMachines/1.6.0.jdk/Contents/Home"/>
    <property name="sun.java.command" value="/Users/allan/Documents/maven/OpenAM/trunk/community/extensions/authnmodules/adaptive-deviceprint/adaptive-deviceprint-acceptance-module/target/surefire/surefirebooter1687251017155389268.jar /Users/allan/Documents/maven/OpenAM/trunk/community/extensions/authnmodules/adaptive-deviceprint/adaptive-deviceprint-acceptance-module/target/surefire/surefire6306608896308784128tmp /Users/allan/Documents/maven/OpenAM/trunk/community/extensions/authnmodules/adaptive-deviceprint/adaptive-deviceprint-acceptance-module/target/surefire/surefire854382210030738895tmp"/>
    <property name="java.specification.vendor" value="Sun Microsystems Inc."/>
    <property name="user.language" value="en"/>
    <property name="awt.toolkit" value="apple.awt.CToolkit"/>
    <property name="java.vm.info" value="mixed mode"/>
    <property name="java.version" value="1.6.0_37"/>
    <property name="java.ext.dirs" value="/Library/Java/Extensions:/System/Library/Java/Extensions:/System/Library/Java/JavaVirtualMachines/1.6.0.jdk/Contents/Home/lib/ext"/>
    <property name="sun.boot.class.path" value="/System/Library/Java/JavaVirtualMachines/1.6.0.jdk/Contents/Classes/jsfd.jar:/System/Library/Java/JavaVirtualMachines/1.6.0.jdk/Contents/Classes/classes.jar:/System/Library/Frameworks/JavaVM.framework/Frameworks/JavaRuntimeSupport.framework/Resources/Java/JavaRuntimeSupport.jar:/System/Library/Java/JavaVirtualMachines/1.6.0.jdk/Contents/Classes/ui.jar:/System/Library/Java/JavaVirtualMachines/1.6.0.jdk/Contents/Classes/laf.jar:/System/Library/Java/JavaVirtualMachines/1.6.0.jdk/Contents/Classes/sunrsasign.jar:/System/Library/Java/JavaVirtualMachines/1.6.0.jdk/Contents/Classes/jsse.jar:/System/Library/Java/JavaVirtualMachines/1.6.0.jdk/Contents/Classes/jce.jar:/System/Library/Java/JavaVirtualMachines/1.6.0.jdk/Contents/Classes/charsets.jar"/>
    <property name="java.vendor" value="Apple Inc."/>
    <property name="localRepository" value="/Users/allan/.m2/repository"/>
    <property name="file.separator" value="/"/>
    <property name="java.vendor.url.bug" value="http://bugreport.apple.com/"/>
    <property name="sun.cpu.endian" value="little"/>
    <property name="sun.io.unicode.encoding" value="UnicodeLittle"/>
    <property name="mrj.version" value="1070.1.6.0_37-434"/>
    <property name="socksNonProxyHosts" value="local|*.local|169.254/16|*.169.254/16"/>
    <property name="ftp.nonProxyHosts" value="local|*.local|169.254/16|*.169.254/16"/>
    <property name="sun.cpu.isalist" value=""/>
  </properties>
  <testcase time="0.054" classname="org.forgerock.identity.authentication.modules.adaptivedeviceprint.ProfileAcceptanceLogicTest" name="getDefaultName"/>
  <testcase time="0.007" classname="org.forgerock.identity.authentication.modules.adaptivedeviceprint.ProfileAcceptanceLogicTest" name="init"/>
  <testcase time="0.015" classname="org.forgerock.identity.authentication.modules.adaptivedeviceprint.ProfileAcceptanceLogicTest" name="proccedInitNotSkipped"/>
  <testcase time="0.009" classname="org.forgerock.identity.authentication.modules.adaptivedeviceprint.ProfileAcceptanceLogicTest" name="proccedInitSkipped"/>
  <testcase time="0.001" classname="org.forgerock.identity.authentication.modules.adaptivedeviceprint.ProfileAcceptanceLogicTest" name="proccedNotStoring"/>
  <testcase time="0.013" classname="org.forgerock.identity.authentication.modules.adaptivedeviceprint.ProfileAcceptanceLogicTest" name="proccedStoring"/>
  <testcase time="0.005" classname="org.forgerock.identity.authentication.modules.adaptivedeviceprint.ProfileAcceptanceLogicTest" name="suggestedNameIsSelectedProfileName"/>
</testsuite>