<?xml version="1.0" encoding="UTF-8"?>
<!-- Generated by org.testng.reporters.JUnitReportReporter -->
<testsuite hostname="AllanAir" name="org.forgerock.identity.authentication.modules.adaptivedeviceprint.logic.marchingrunner.riskbased.DevicePrintRiskBasedComparatorTest" tests="6" failures="0" timestamp="5 Jan 2013 18:38:34 GMT" time="0.567" errors="0">
  <testcase name="testSuccessfulWithAdditionalInfo" time="0.038" classname="org.forgerock.identity.authentication.modules.adaptivedeviceprint.logic.marchingrunner.riskbased.DevicePrintRiskBasedComparatorTest"/>
  <testcase name="testNonSuccessfulWithAdditionalInfo" time="0.037" classname="org.forgerock.identity.authentication.modules.adaptivedeviceprint.logic.marchingrunner.riskbased.DevicePrintRiskBasedComparatorTest"/>
  <testcase name="testModifiedCookie" time="0.034" classname="org.forgerock.identity.authentication.modules.adaptivedeviceprint.logic.marchingrunner.riskbased.DevicePrintRiskBasedComparatorTest"/>
  <testcase name="testMissingCookie" time="0.042" classname="org.forgerock.identity.authentication.modules.adaptivedeviceprint.logic.marchingrunner.riskbased.DevicePrintRiskBasedComparatorTest"/>
  <testcase name="testNonExactMatch" time="0.038" classname="org.forgerock.identity.authentication.modules.adaptivedeviceprint.logic.marchingrunner.riskbased.DevicePrintRiskBasedComparatorTest"/>
  <testcase name="testExactMatch" time="0.378" classname="org.forgerock.identity.authentication.modules.adaptivedeviceprint.logic.marchingrunner.riskbased.DevicePrintRiskBasedComparatorTest"/>
</testsuite> <!-- org.forgerock.identity.authentication.modules.adaptivedeviceprint.logic.marchingrunner.riskbased.DevicePrintRiskBasedComparatorTest -->
