<?xml version="1.0" encoding="UTF-8"?>
<!-- Generated by org.testng.reporters.JUnitReportReporter -->
<testsuite hostname="AllanAir" name="org.forgerock.identity.authentication.modules.adaptivedeviceprint.logic.marchingrunner.riskbased.DevicePrintRiskBasedInstalledFontsComparatorTest" tests="7" failures="0" timestamp="5 Jan 2013 18:38:34 GMT" time="0.273" errors="0">
  <testcase name="test3DifferentFontsWith3ItemsOr30PercentIgnore" time="0.045" classname="org.forgerock.identity.authentication.modules.adaptivedeviceprint.logic.marchingrunner.riskbased.DevicePrintRiskBasedInstalledFontsComparatorTest"/>
  <testcase name="testDifferentFontsWithoutIgnore" time="0.030" classname="org.forgerock.identity.authentication.modules.adaptivedeviceprint.logic.marchingrunner.riskbased.DevicePrintRiskBasedInstalledFontsComparatorTest"/>
  <testcase name="testNoDifferentsInFontsWithoutIgnore" time="0.037" classname="org.forgerock.identity.authentication.modules.adaptivedeviceprint.logic.marchingrunner.riskbased.DevicePrintRiskBasedInstalledFontsComparatorTest"/>
  <testcase name="test3DifferentFontsWithoutIgnore" time="0.043" classname="org.forgerock.identity.authentication.modules.adaptivedeviceprint.logic.marchingrunner.riskbased.DevicePrintRiskBasedInstalledFontsComparatorTest"/>
  <testcase name="testBothNoFontsWithoutIgnore" time="0.043" classname="org.forgerock.identity.authentication.modules.adaptivedeviceprint.logic.marchingrunner.riskbased.DevicePrintRiskBasedInstalledFontsComparatorTest"/>
  <testcase name="testMoreThen30PercentButLessThen3DifferencesWith3ItemsOr30PercentIgnore" time="0.026" classname="org.forgerock.identity.authentication.modules.adaptivedeviceprint.logic.marchingrunner.riskbased.DevicePrintRiskBasedInstalledFontsComparatorTest"/>
  <testcase name="test10And40PercentDifferentFontsWith3ItemsOr30PercentIgnore" time="0.049" classname="org.forgerock.identity.authentication.modules.adaptivedeviceprint.logic.marchingrunner.riskbased.DevicePrintRiskBasedInstalledFontsComparatorTest"/>
</testsuite> <!-- org.forgerock.identity.authentication.modules.adaptivedeviceprint.logic.marchingrunner.riskbased.DevicePrintRiskBasedInstalledFontsComparatorTest -->
