<?xml version="1.0" encoding="UTF-8"?>
<!-- Generated by org.testng.reporters.JUnitReportReporter -->
<testsuite hostname="AllanAir" name="org.forgerock.identity.authentication.modules.adaptivedeviceprint.logic.PersistentCookieLogicTest" tests="1" failures="0" timestamp="5 Jan 2013 18:38:34 GMT" time="0.005" errors="0">
  <testcase name="proceed" time="0.005" classname="org.forgerock.identity.authentication.modules.adaptivedeviceprint.logic.PersistentCookieLogicTest"/>
</testsuite> <!-- org.forgerock.identity.authentication.modules.adaptivedeviceprint.logic.PersistentCookieLogicTest -->
