<?xml version="1.0" encoding="UTF-8"?>
<!-- Generated by org.testng.reporters.JUnitReportReporter -->
<testsuite hostname="AllanAir" name="org.forgerock.identity.authentication.modules.adaptivedeviceprint.logic.marchingrunner.riskbased.DevicePrintRiskBasedUserAgentComparatorTest" tests="3" failures="0" timestamp="5 Jan 2013 18:38:34 GMT" time="0.056" errors="0">
  <testcase name="testDifferentUserAgentByMultipleDifferentAttributeVersionsWithIgnore" time="0.020" classname="org.forgerock.identity.authentication.modules.adaptivedeviceprint.logic.marchingrunner.riskbased.DevicePrintRiskBasedUserAgentComparatorTest"/>
  <testcase name="testDifferentUserAgentByOneDifferentAttributeVersionWithIgnore" time="0.014" classname="org.forgerock.identity.authentication.modules.adaptivedeviceprint.logic.marchingrunner.riskbased.DevicePrintRiskBasedUserAgentComparatorTest"/>
  <testcase name="testDifferentUserAgentByOneDifferentAttributeVersion" time="0.022" classname="org.forgerock.identity.authentication.modules.adaptivedeviceprint.logic.marchingrunner.riskbased.DevicePrintRiskBasedUserAgentComparatorTest"/>
</testsuite> <!-- org.forgerock.identity.authentication.modules.adaptivedeviceprint.logic.marchingrunner.riskbased.DevicePrintRiskBasedUserAgentComparatorTest -->
