<?xml version="1.0" encoding="UTF-8"?>
<!-- Generated by org.testng.reporters.JUnitReportReporter -->
<testsuite hostname="AllanAir" name="org.forgerock.identity.authentication.modules.adaptivedeviceprint.logic.marchingrunner.riskbased.ComparisonResultComparatorTest" tests="1" failures="0" timestamp="5 Jan 2013 18:38:34 GMT" time="0.000" errors="0">
  <testcase name="compareVariousPenaltyPointsValues" time="0.000" classname="org.forgerock.identity.authentication.modules.adaptivedeviceprint.logic.marchingrunner.riskbased.ComparisonResultComparatorTest"/>
</testsuite> <!-- org.forgerock.identity.authentication.modules.adaptivedeviceprint.logic.marchingrunner.riskbased.ComparisonResultComparatorTest -->
