<?xml version="1.0" encoding="UTF-8"?>
<!-- Generated by org.testng.reporters.JUnitReportReporter -->
<testsuite hostname="AllanAir" name="org.forgerock.identity.authentication.modules.adaptivedeviceprint.logic.marchingrunner.riskbased.RiskBasedRunnerTest" tests="5" failures="0" timestamp="5 Jan 2013 18:38:34 GMT" time="0.116" errors="0">
  <testcase name="testExactMatch" time="0.026" classname="org.forgerock.identity.authentication.modules.adaptivedeviceprint.logic.marchingrunner.riskbased.RiskBasedRunnerTest"/>
  <testcase name="testNoProfilesStored" time="0.003" classname="org.forgerock.identity.authentication.modules.adaptivedeviceprint.logic.marchingrunner.riskbased.RiskBasedRunnerTest"/>
  <testcase name="testNonExactMatch" time="0.034" classname="org.forgerock.identity.authentication.modules.adaptivedeviceprint.logic.marchingrunner.riskbased.RiskBasedRunnerTest"/>
  <testcase name="testNoMatchAutomaticallyStoreProfile" time="0.032" classname="org.forgerock.identity.authentication.modules.adaptivedeviceprint.logic.marchingrunner.riskbased.RiskBasedRunnerTest"/>
  <testcase name="testNoMatch" time="0.021" classname="org.forgerock.identity.authentication.modules.adaptivedeviceprint.logic.marchingrunner.riskbased.RiskBasedRunnerTest"/>
</testsuite> <!-- org.forgerock.identity.authentication.modules.adaptivedeviceprint.logic.marchingrunner.riskbased.RiskBasedRunnerTest -->
