<?xml version="1.0" encoding="UTF-8"?>
<!-- Generated by org.testng.reporters.JUnitReportReporter -->
<testsuite hostname="AllanAir" name="org.forgerock.identity.authentication.modules.adaptivedeviceprint.logic.matchingrunner.riskbased.attributematcher.matcher.MultiValueAttributeMatcherTest" tests="21" failures="0" timestamp="5 Jan 2013 18:38:34 GMT" time="0.011" errors="0">
  <testcase name="testMultiValueSecondMissingOneNotExactMatch" time="0.001" classname="org.forgerock.identity.authentication.modules.adaptivedeviceprint.logic.matchingrunner.riskbased.attributematcher.matcher.MultiValueAttributeMatcherTest"/>
  <testcase name="testMultiValueTwoOfTenDifferentWithMax100PercentToleranceExactMatch" time="0.001" classname="org.forgerock.identity.authentication.modules.adaptivedeviceprint.logic.matchingrunner.riskbased.attributematcher.matcher.MultiValueAttributeMatcherTest"/>
  <testcase name="testMultiValueOneDifferentNotExactMatch" time="0.000" classname="org.forgerock.identity.authentication.modules.adaptivedeviceprint.logic.matchingrunner.riskbased.attributematcher.matcher.MultiValueAttributeMatcherTest"/>
  <testcase name="testMultiValueTwoOfTenDifferentWithMax20PercentToleranceExactMatch" time="0.001" classname="org.forgerock.identity.authentication.modules.adaptivedeviceprint.logic.matchingrunner.riskbased.attributematcher.matcher.MultiValueAttributeMatcherTest"/>
  <testcase name="testMultiValueDifferentOrderSameExactMatch" time="0.000" classname="org.forgerock.identity.authentication.modules.adaptivedeviceprint.logic.matchingrunner.riskbased.attributematcher.matcher.MultiValueAttributeMatcherTest"/>
  <testcase name="testMultiValueTwoOfTenDifferentWithTolerateTwoNotExactMatch" time="0.001" classname="org.forgerock.identity.authentication.modules.adaptivedeviceprint.logic.matchingrunner.riskbased.attributematcher.matcher.MultiValueAttributeMatcherTest"/>
  <testcase name="testMultiValueTwoOfTenDifferentNotExactMatch" time="0.001" classname="org.forgerock.identity.authentication.modules.adaptivedeviceprint.logic.matchingrunner.riskbased.attributematcher.matcher.MultiValueAttributeMatcherTest"/>
  <testcase name="testMultiValueTwoOfTenDifferentWithMax30PercentToleranceExactMatch" time="0.001" classname="org.forgerock.identity.authentication.modules.adaptivedeviceprint.logic.matchingrunner.riskbased.attributematcher.matcher.MultiValueAttributeMatcherTest"/>
  <testcase name="testEmptyAndNullExactMatch" time="0.000" classname="org.forgerock.identity.authentication.modules.adaptivedeviceprint.logic.matchingrunner.riskbased.attributematcher.matcher.MultiValueAttributeMatcherTest"/>
  <testcase name="testMultiValueDifferentOrderWithWhiteSpacesSameExactMatch" time="0.000" classname="org.forgerock.identity.authentication.modules.adaptivedeviceprint.logic.matchingrunner.riskbased.attributematcher.matcher.MultiValueAttributeMatcherTest"/>
  <testcase name="testMultiValueAllDifferentWithMax100PercentToleranceExactMatch" time="0.001" classname="org.forgerock.identity.authentication.modules.adaptivedeviceprint.logic.matchingrunner.riskbased.attributematcher.matcher.MultiValueAttributeMatcherTest"/>
  <testcase name="testSameExactMatch" time="0.001" classname="org.forgerock.identity.authentication.modules.adaptivedeviceprint.logic.matchingrunner.riskbased.attributematcher.matcher.MultiValueAttributeMatcherTest"/>
  <testcase name="testMultiValueTwoOfTenDifferentWithMax10PercentToleranceNotExactMatch" time="0.001" classname="org.forgerock.identity.authentication.modules.adaptivedeviceprint.logic.matchingrunner.riskbased.attributematcher.matcher.MultiValueAttributeMatcherTest"/>
  <testcase name="testMultiValueTwoOfTenDifferentWithTolerateOneNotExactMatch" time="0.000" classname="org.forgerock.identity.authentication.modules.adaptivedeviceprint.logic.matchingrunner.riskbased.attributematcher.matcher.MultiValueAttributeMatcherTest"/>
  <testcase name="testMultiValueTwoOfTenDifferentWithTolerateThreeNotExactMatch" time="0.000" classname="org.forgerock.identity.authentication.modules.adaptivedeviceprint.logic.matchingrunner.riskbased.attributematcher.matcher.MultiValueAttributeMatcherTest"/>
  <testcase name="testMultiValueSameExactMatch" time="0.000" classname="org.forgerock.identity.authentication.modules.adaptivedeviceprint.logic.matchingrunner.riskbased.attributematcher.matcher.MultiValueAttributeMatcherTest"/>
  <testcase name="testMultiValueTwoOfTenDifferentWithTolerateTenNotExactMatch" time="0.000" classname="org.forgerock.identity.authentication.modules.adaptivedeviceprint.logic.matchingrunner.riskbased.attributematcher.matcher.MultiValueAttributeMatcherTest"/>
  <testcase name="testMultiValueFirstMissingOneNotExactMatch" time="0.000" classname="org.forgerock.identity.authentication.modules.adaptivedeviceprint.logic.matchingrunner.riskbased.attributematcher.matcher.MultiValueAttributeMatcherTest"/>
  <testcase name="testBothNullExactMatch" time="0.000" classname="org.forgerock.identity.authentication.modules.adaptivedeviceprint.logic.matchingrunner.riskbased.attributematcher.matcher.MultiValueAttributeMatcherTest"/>
  <testcase name="testMultiValueAdditionalEmptyFieldsExactMatch" time="0.001" classname="org.forgerock.identity.authentication.modules.adaptivedeviceprint.logic.matchingrunner.riskbased.attributematcher.matcher.MultiValueAttributeMatcherTest"/>
  <testcase name="testNullAndEmptyNotExactMatch" time="0.001" classname="org.forgerock.identity.authentication.modules.adaptivedeviceprint.logic.matchingrunner.riskbased.attributematcher.matcher.MultiValueAttributeMatcherTest"/>
</testsuite> <!-- org.forgerock.identity.authentication.modules.adaptivedeviceprint.logic.matchingrunner.riskbased.attributematcher.matcher.MultiValueAttributeMatcherTest -->
