<?xml version="1.0" encoding="UTF-8"?>
<!-- Generated by org.testng.reporters.JUnitReportReporter -->
<testsuite hostname="AllanAir" name="org.forgerock.identity.authentication.modules.adaptivedeviceprint.logic.UserProfilesHelperTest" tests="6" failures="0" timestamp="5 Jan 2013 18:38:25 GMT" time="0.029" errors="0">
  <testcase name="isUniqueName" time="0.002" classname="org.forgerock.identity.authentication.modules.adaptivedeviceprint.logic.UserProfilesHelperTest"/>
  <testcase name="saveProfile" time="0.002" classname="org.forgerock.identity.authentication.modules.adaptivedeviceprint.logic.UserProfilesHelperTest"/>
  <testcase name="testGetNotExpiredProfiles" time="0.001" classname="org.forgerock.identity.authentication.modules.adaptivedeviceprint.logic.UserProfilesHelperTest"/>
  <testcase name="removeOldestProfile" time="0.001" classname="org.forgerock.identity.authentication.modules.adaptivedeviceprint.logic.UserProfilesHelperTest"/>
  <testcase name="profileMaximumProfilesStoredQuantity" time="0.021" classname="org.forgerock.identity.authentication.modules.adaptivedeviceprint.logic.UserProfilesHelperTest"/>
  <testcase name="removeOldProfiles" time="0.002" classname="org.forgerock.identity.authentication.modules.adaptivedeviceprint.logic.UserProfilesHelperTest"/>
</testsuite> <!-- org.forgerock.identity.authentication.modules.adaptivedeviceprint.logic.UserProfilesHelperTest -->
