<?xml version="1.0" encoding="UTF-8"?>
<!-- Generated by org.testng.reporters.JUnitReportReporter -->
<testsuite hostname="AllanAir" name="org.forgerock.identity.authentication.modules.adaptivedeviceprint.model.DevicePrintTest" tests="2" failures="0" timestamp="5 Jan 2013 18:38:25 GMT" time="0.017" errors="0">
  <testcase name="hashcode" time="0.001" classname="org.forgerock.identity.authentication.modules.adaptivedeviceprint.model.DevicePrintTest"/>
  <testcase name="equals" time="0.016" classname="org.forgerock.identity.authentication.modules.adaptivedeviceprint.model.DevicePrintTest"/>
</testsuite> <!-- org.forgerock.identity.authentication.modules.adaptivedeviceprint.model.DevicePrintTest -->
