<?xml version="1.0" encoding="UTF-8"?>
<!-- Generated by org.testng.reporters.JUnitReportReporter -->
<testsuite hostname="AllanAir" name="org.forgerock.identity.authentication.modules.adaptivedeviceprint.logic.UserProfilesDaoTest" tests="7" failures="0" timestamp="5 Jan 2013 18:38:25 GMT" time="0.937" errors="0">
  <testcase name="getUserProfileByName" time="0.328" classname="org.forgerock.identity.authentication.modules.adaptivedeviceprint.logic.UserProfilesDaoTest"/>
  <testcase name="saveProfiles" time="0.099" classname="org.forgerock.identity.authentication.modules.adaptivedeviceprint.logic.UserProfilesDaoTest"/>
  <testcase name="init" time="0.509" classname="org.forgerock.identity.authentication.modules.adaptivedeviceprint.logic.UserProfilesDaoTest"/>
  <testcase name="validateUnique" time="0.000" classname="org.forgerock.identity.authentication.modules.adaptivedeviceprint.logic.UserProfilesDaoTest"/>
  <testcase name="validateEmpty" time="0.000" classname="org.forgerock.identity.authentication.modules.adaptivedeviceprint.logic.UserProfilesDaoTest"/>
  <testcase name="validate" time="0.000" classname="org.forgerock.identity.authentication.modules.adaptivedeviceprint.logic.UserProfilesDaoTest"/>
  <testcase name="manageProfiles" time="0.001" classname="org.forgerock.identity.authentication.modules.adaptivedeviceprint.logic.UserProfilesDaoTest"/>
</testsuite> <!-- org.forgerock.identity.authentication.modules.adaptivedeviceprint.logic.UserProfilesDaoTest -->
