<?xml version="1.0" encoding="UTF-8"?>
<!-- Generated by org.testng.reporters.JUnitReportReporter -->
<testsuite hostname="AllanAir" name="org.forgerock.identity.authentication.modules.adaptivedeviceprint.logic.matchingrunner.riskbased.attributematcher.matcher.ColocationMatcherTest" tests="9" failures="0" timestamp="5 Jan 2013 18:38:34 GMT" time="0.008" errors="0">
  <testcase name="testStoredNullCurrentNotNullNotExactMatch" time="0.000" classname="org.forgerock.identity.authentication.modules.adaptivedeviceprint.logic.matchingrunner.riskbased.attributematcher.matcher.ColocationMatcherTest"/>
  <testcase name="testBothNullExactMatch" time="0.001" classname="org.forgerock.identity.authentication.modules.adaptivedeviceprint.logic.matchingrunner.riskbased.attributematcher.matcher.ColocationMatcherTest"/>
  <testcase name="testSameExactMatch" time="0.001" classname="org.forgerock.identity.authentication.modules.adaptivedeviceprint.logic.matchingrunner.riskbased.attributematcher.matcher.ColocationMatcherTest"/>
  <testcase name="testCurrentNullStoredNotNullNotExactMatch" time="0.000" classname="org.forgerock.identity.authentication.modules.adaptivedeviceprint.logic.matchingrunner.riskbased.attributematcher.matcher.ColocationMatcherTest"/>
  <testcase name="testCalculateDistance4" time="0.001" classname="org.forgerock.identity.authentication.modules.adaptivedeviceprint.logic.matchingrunner.riskbased.attributematcher.matcher.ColocationMatcherTest"/>
  <testcase name="testCalculateDistance2" time="0.001" classname="org.forgerock.identity.authentication.modules.adaptivedeviceprint.logic.matchingrunner.riskbased.attributematcher.matcher.ColocationMatcherTest"/>
  <testcase name="testCalculateDistance3" time="0.000" classname="org.forgerock.identity.authentication.modules.adaptivedeviceprint.logic.matchingrunner.riskbased.attributematcher.matcher.ColocationMatcherTest"/>
  <testcase name="testNotSameNotExactMatch" time="0.001" classname="org.forgerock.identity.authentication.modules.adaptivedeviceprint.logic.matchingrunner.riskbased.attributematcher.matcher.ColocationMatcherTest"/>
  <testcase name="testCalculateDistance1" time="0.003" classname="org.forgerock.identity.authentication.modules.adaptivedeviceprint.logic.matchingrunner.riskbased.attributematcher.matcher.ColocationMatcherTest"/>
</testsuite> <!-- org.forgerock.identity.authentication.modules.adaptivedeviceprint.logic.matchingrunner.riskbased.attributematcher.matcher.ColocationMatcherTest -->
