<?xml version="1.0" encoding="UTF-8"?>
<!-- Generated by org.testng.reporters.JUnitReportReporter -->
<testsuite hostname="AllanAir" name="org.forgerock.identity.authentication.modules.adaptivedeviceprint.logic.matchingrunner.riskbased.attributematcher.matcher.AdvancedMatcherTest" tests="9" failures="0" timestamp="5 Jan 2013 18:38:34 GMT" time="0.021" errors="0">
  <testcase name="testDifferentNotExactMatch" time="0.000" classname="org.forgerock.identity.authentication.modules.adaptivedeviceprint.logic.matchingrunner.riskbased.attributematcher.matcher.AdvancedMatcherTest"/>
  <testcase name="testOneCharDifferentNotExactMatch" time="0.000" classname="org.forgerock.identity.authentication.modules.adaptivedeviceprint.logic.matchingrunner.riskbased.attributematcher.matcher.AdvancedMatcherTest"/>
  <testcase name="testDifferentNumbersNotExactMatch" time="0.000" classname="org.forgerock.identity.authentication.modules.adaptivedeviceprint.logic.matchingrunner.riskbased.attributematcher.matcher.AdvancedMatcherTest"/>
  <testcase name="testDifferentNumbersWithIgnoreVersionCharsExactMatch" time="0.000" classname="org.forgerock.identity.authentication.modules.adaptivedeviceprint.logic.matchingrunner.riskbased.attributematcher.matcher.AdvancedMatcherTest"/>
  <testcase name="testBothNullExactMatch" time="0.018" classname="org.forgerock.identity.authentication.modules.adaptivedeviceprint.logic.matchingrunner.riskbased.attributematcher.matcher.AdvancedMatcherTest"/>
  <testcase name="testDifferentCharsWithIgnoreVersionCharsNotExactMatch" time="0.001" classname="org.forgerock.identity.authentication.modules.adaptivedeviceprint.logic.matchingrunner.riskbased.attributematcher.matcher.AdvancedMatcherTest"/>
  <testcase name="testNullAndEmptyNotExactMatch" time="0.000" classname="org.forgerock.identity.authentication.modules.adaptivedeviceprint.logic.matchingrunner.riskbased.attributematcher.matcher.AdvancedMatcherTest"/>
  <testcase name="testSameExactMatch" time="0.001" classname="org.forgerock.identity.authentication.modules.adaptivedeviceprint.logic.matchingrunner.riskbased.attributematcher.matcher.AdvancedMatcherTest"/>
  <testcase name="testEmptyAndNullExactMatch" time="0.001" classname="org.forgerock.identity.authentication.modules.adaptivedeviceprint.logic.matchingrunner.riskbased.attributematcher.matcher.AdvancedMatcherTest"/>
</testsuite> <!-- org.forgerock.identity.authentication.modules.adaptivedeviceprint.logic.matchingrunner.riskbased.attributematcher.matcher.AdvancedMatcherTest -->
