<?xml version="1.0" encoding="UTF-8"?>
<!-- Generated by org.testng.reporters.JUnitReportReporter -->
<testsuite hostname="AllanAir" name="org.forgerock.identity.authentication.modules.adaptivedeviceprint.logic.requiredattributes.AttributesCheckerTest" tests="3" failures="0" timestamp="5 Jan 2013 18:38:34 GMT" time="0.006" errors="0">
  <testcase name="falseWhenIncorrectAttributeName" time="0.003" classname="org.forgerock.identity.authentication.modules.adaptivedeviceprint.logic.requiredattributes.AttributesCheckerTest"/>
  <testcase name="hasNotRequiredAttribute" time="0.003" classname="org.forgerock.identity.authentication.modules.adaptivedeviceprint.logic.requiredattributes.AttributesCheckerTest"/>
  <testcase name="hasRequiredAttribute" time="0.000" classname="org.forgerock.identity.authentication.modules.adaptivedeviceprint.logic.requiredattributes.AttributesCheckerTest"/>
</testsuite> <!-- org.forgerock.identity.authentication.modules.adaptivedeviceprint.logic.requiredattributes.AttributesCheckerTest -->
