<?xml version="1.0" encoding="UTF-8"?>
<!-- Generated by org.testng.reporters.JUnitReportReporter -->
<testsuite hostname="AllanAir" name="org.forgerock.identity.authentication.modules.adaptivedeviceprint.logic.marchingrunner.riskbased.DevicePrintRiskBasedInstalledPluginsComparatorTest" tests="7" failures="0" timestamp="5 Jan 2013 18:38:34 GMT" time="0.170" errors="0">
  <testcase name="testDifferentPluginsWithoutIgnore" time="0.016" classname="org.forgerock.identity.authentication.modules.adaptivedeviceprint.logic.marchingrunner.riskbased.DevicePrintRiskBasedInstalledPluginsComparatorTest"/>
  <testcase name="test3DifferentPluginsWithoutIgnore" time="0.029" classname="org.forgerock.identity.authentication.modules.adaptivedeviceprint.logic.marchingrunner.riskbased.DevicePrintRiskBasedInstalledPluginsComparatorTest"/>
  <testcase name="test10And40PercentDifferentPluginsWith3ItemsOr30PercentIgnore" time="0.035" classname="org.forgerock.identity.authentication.modules.adaptivedeviceprint.logic.marchingrunner.riskbased.DevicePrintRiskBasedInstalledPluginsComparatorTest"/>
  <testcase name="testMoreThen30PercentButLessThen3DifferencesWith3ItemsOr30PercentIgnore" time="0.024" classname="org.forgerock.identity.authentication.modules.adaptivedeviceprint.logic.marchingrunner.riskbased.DevicePrintRiskBasedInstalledPluginsComparatorTest"/>
  <testcase name="testNoDifferentsInPluginsWithoutIgnore" time="0.018" classname="org.forgerock.identity.authentication.modules.adaptivedeviceprint.logic.marchingrunner.riskbased.DevicePrintRiskBasedInstalledPluginsComparatorTest"/>
  <testcase name="testBothNoPluginsWithoutIgnore" time="0.015" classname="org.forgerock.identity.authentication.modules.adaptivedeviceprint.logic.marchingrunner.riskbased.DevicePrintRiskBasedInstalledPluginsComparatorTest"/>
  <testcase name="test3DifferentPluginsWith3ItemsOr30PercentIgnore" time="0.033" classname="org.forgerock.identity.authentication.modules.adaptivedeviceprint.logic.marchingrunner.riskbased.DevicePrintRiskBasedInstalledPluginsComparatorTest"/>
</testsuite> <!-- org.forgerock.identity.authentication.modules.adaptivedeviceprint.logic.marchingrunner.riskbased.DevicePrintRiskBasedInstalledPluginsComparatorTest -->
