<?xml version="1.0" encoding="UTF-8"?>
<!-- Generated by org.testng.reporters.JUnitReportReporter -->
<testsuite hostname="AllanAir" name="org.forgerock.identity.authentication.modules.adaptivedeviceprint.logic.marchingrunner.riskbased.AttributeComparatorTest" tests="4" failures="0" timestamp="5 Jan 2013 18:38:34 GMT" time="0.000" errors="0">
  <testcase name="testAdditionalInfoInCurrentValue" time="0.000" classname="org.forgerock.identity.authentication.modules.adaptivedeviceprint.logic.marchingrunner.riskbased.AttributeComparatorTest"/>
  <testcase name="testAttributesDiffers" time="0.000" classname="org.forgerock.identity.authentication.modules.adaptivedeviceprint.logic.marchingrunner.riskbased.AttributeComparatorTest"/>
  <testcase name="testAttributesEqals" time="0.000" classname="org.forgerock.identity.authentication.modules.adaptivedeviceprint.logic.marchingrunner.riskbased.AttributeComparatorTest"/>
  <testcase name="testBothValuesNull" time="0.000" classname="org.forgerock.identity.authentication.modules.adaptivedeviceprint.logic.marchingrunner.riskbased.AttributeComparatorTest"/>
</testsuite> <!-- org.forgerock.identity.authentication.modules.adaptivedeviceprint.logic.marchingrunner.riskbased.AttributeComparatorTest -->
