<?xml version="1.0" encoding="UTF-8"?>
<!-- Generated by org.testng.reporters.JUnitReportReporter -->
<testsuite hostname="AllanAir" name="org.forgerock.identity.authentication.modules.adaptivedeviceprint.logic.requiredattributes.RequiredAttributesSetTest" tests="1" failures="0" timestamp="5 Jan 2013 18:38:34 GMT" time="0.003" errors="0">
  <testcase name="check" time="0.003" classname="org.forgerock.identity.authentication.modules.adaptivedeviceprint.logic.requiredattributes.RequiredAttributesSetTest"/>
</testsuite> <!-- org.forgerock.identity.authentication.modules.adaptivedeviceprint.logic.requiredattributes.RequiredAttributesSetTest -->
