<?xml version="1.0" encoding="UTF-8"?>
<!-- Generated by org.testng.reporters.JUnitReportReporter -->
<testsuite hostname="AllanAir" name="org.forgerock.identity.authentication.modules.adaptivedeviceprint.ProfileAcceptanceLogicTest" tests="7" failures="0" timestamp="5 Jan 2013 18:38:36 GMT" time="0.503" errors="0">
  <testcase name="proccedInitSkipped" time="0.009" classname="org.forgerock.identity.authentication.modules.adaptivedeviceprint.ProfileAcceptanceLogicTest"/>
  <testcase name="proccedNotStoring" time="0.002" classname="org.forgerock.identity.authentication.modules.adaptivedeviceprint.ProfileAcceptanceLogicTest"/>
  <testcase name="init" time="0.007" classname="org.forgerock.identity.authentication.modules.adaptivedeviceprint.ProfileAcceptanceLogicTest"/>
  <testcase name="suggestedNameIsSelectedProfileName" time="0.006" classname="org.forgerock.identity.authentication.modules.adaptivedeviceprint.ProfileAcceptanceLogicTest"/>
  <testcase name="proccedInitNotSkipped" time="0.410" classname="org.forgerock.identity.authentication.modules.adaptivedeviceprint.ProfileAcceptanceLogicTest"/>
  <testcase name="proccedStoring" time="0.013" classname="org.forgerock.identity.authentication.modules.adaptivedeviceprint.ProfileAcceptanceLogicTest"/>
  <testcase name="getDefaultName" time="0.056" classname="org.forgerock.identity.authentication.modules.adaptivedeviceprint.ProfileAcceptanceLogicTest"/>
</testsuite> <!-- org.forgerock.identity.authentication.modules.adaptivedeviceprint.ProfileAcceptanceLogicTest -->
